{
  "numFailedTestSuites": 0,
  "numFailedTests": 0,
  "numPassedTestSuites": 4,
  "numPassedTests": 48,
  "numPendingTestSuites": 0,
  "numPendingTests": 0,
  "numRuntimeErrorTestSuites": 0,
  "numTodoTests": 0,
  "numTotalTestSuites": 4,
  "numTotalTests": 48,
  "openHandles": [],
  "snapshot": {
    "added": 0,
    "didUpdate": false,
    "failure": false,
    "filesAdded": 0,
    "filesRemoved": 0,
    "filesRemovedList": [],
    "filesUnmatched": 0,
    "filesUpdated": 0,
    "matched": 0,
    "total": 0,
    "unchecked": 0,
    "uncheckedKeysByFile": [],
    "unmatched": 0,
    "updated": 0
  },
  "startTime": 1747586455334,
  "success": true,
  "testResults": [
    {
      "assertionResults": [
        {
          "ancestorTitles": [
            "Auth Routes - POST /api/auth/<route>",
            "Register"
          ],
          "duration": 73,
          "failureDetails": [],
          "failureMessages": [],
          "fullName": "Auth Routes - POST /api/auth/<route> Register FAIL | if a field is missing",
          "invocations": 1,
          "location": null,
          "numPassingAsserts": 3,
          "retryReasons": [],
          "status": "passed",
          "title": "FAIL | if a field is missing"
        },
        {
          "ancestorTitles": [
            "Auth Routes - POST /api/auth/<route>",
            "Register"
          ],
          "duration": 10,
          "failureDetails": [],
          "failureMessages": [],
          "fullName": "Auth Routes - POST /api/auth/<route> Register FAIL | if email isn't a BTU email",
          "invocations": 1,
          "location": null,
          "numPassingAsserts": 3,
          "retryReasons": [],
          "status": "passed",
          "title": "FAIL | if email isn't a BTU email"
        },
        {
          "ancestorTitles": [
            "Auth Routes - POST /api/auth/<route>",
            "Register"
          ],
          "duration": 175,
          "failureDetails": [],
          "failureMessages": [],
          "fullName": "Auth Routes - POST /api/auth/<route> Register FAIL | because of duplicate name and email",
          "invocations": 1,
          "location": null,
          "numPassingAsserts": 3,
          "retryReasons": [],
          "status": "passed",
          "title": "FAIL | because of duplicate name and email"
        },
        {
          "ancestorTitles": [
            "Auth Routes - POST /api/auth/<route>",
            "Register"
          ],
          "duration": 72,
          "failureDetails": [],
          "failureMessages": [],
          "fullName": "Auth Routes - POST /api/auth/<route> Register SUCCESS | registering for BTU student email",
          "invocations": 1,
          "location": null,
          "numPassingAsserts": 4,
          "retryReasons": [],
          "status": "passed",
          "title": "SUCCESS | registering for BTU student email"
        },
        {
          "ancestorTitles": [
            "Auth Routes - POST /api/auth/<route>",
            "Register"
          ],
          "duration": 68,
          "failureDetails": [],
          "failureMessages": [],
          "fullName": "Auth Routes - POST /api/auth/<route> Register SUCCESS | registering for BTU teacher email",
          "invocations": 1,
          "location": null,
          "numPassingAsserts": 4,
          "retryReasons": [],
          "status": "passed",
          "title": "SUCCESS | registering for BTU teacher email"
        },
        {
          "ancestorTitles": ["Auth Routes - POST /api/auth/<route>", "Login"],
          "duration": 127,
          "failureDetails": [],
          "failureMessages": [],
          "fullName": "Auth Routes - POST /api/auth/<route> Login FAIL | if a field is missing (student)",
          "invocations": 1,
          "location": null,
          "numPassingAsserts": 2,
          "retryReasons": [],
          "status": "passed",
          "title": "FAIL | if a field is missing (student)"
        },
        {
          "ancestorTitles": ["Auth Routes - POST /api/auth/<route>", "Login"],
          "duration": 129,
          "failureDetails": [],
          "failureMessages": [],
          "fullName": "Auth Routes - POST /api/auth/<route> Login FAIL | if a field is missing (teacher)",
          "invocations": 1,
          "location": null,
          "numPassingAsserts": 2,
          "retryReasons": [],
          "status": "passed",
          "title": "FAIL | if a field is missing (teacher)"
        },
        {
          "ancestorTitles": ["Auth Routes - POST /api/auth/<route>", "Login"],
          "duration": 128,
          "failureDetails": [],
          "failureMessages": [],
          "fullName": "Auth Routes - POST /api/auth/<route> Login FAIL | if email isn't a BTU email",
          "invocations": 1,
          "location": null,
          "numPassingAsserts": 2,
          "retryReasons": [],
          "status": "passed",
          "title": "FAIL | if email isn't a BTU email"
        },
        {
          "ancestorTitles": ["Auth Routes - POST /api/auth/<route>", "Login"],
          "duration": 196,
          "failureDetails": [],
          "failureMessages": [],
          "fullName": "Auth Routes - POST /api/auth/<route> Login FAIL | if credentials are wrong (student)",
          "invocations": 1,
          "location": null,
          "numPassingAsserts": 2,
          "retryReasons": [],
          "status": "passed",
          "title": "FAIL | if credentials are wrong (student)"
        },
        {
          "ancestorTitles": ["Auth Routes - POST /api/auth/<route>", "Login"],
          "duration": 186,
          "failureDetails": [],
          "failureMessages": [],
          "fullName": "Auth Routes - POST /api/auth/<route> Login FAIL | if credentials are wrong (teacher)",
          "invocations": 1,
          "location": null,
          "numPassingAsserts": 2,
          "retryReasons": [],
          "status": "passed",
          "title": "FAIL | if credentials are wrong (teacher)"
        },
        {
          "ancestorTitles": ["Auth Routes - POST /api/auth/<route>", "Login"],
          "duration": 185,
          "failureDetails": [],
          "failureMessages": [],
          "fullName": "Auth Routes - POST /api/auth/<route> Login FAIL | if not verified (student)",
          "invocations": 1,
          "location": null,
          "numPassingAsserts": 2,
          "retryReasons": [],
          "status": "passed",
          "title": "FAIL | if not verified (student)"
        },
        {
          "ancestorTitles": ["Auth Routes - POST /api/auth/<route>", "Login"],
          "duration": 196,
          "failureDetails": [],
          "failureMessages": [],
          "fullName": "Auth Routes - POST /api/auth/<route> Login FAIL | if not verified (teacher)",
          "invocations": 1,
          "location": null,
          "numPassingAsserts": 2,
          "retryReasons": [],
          "status": "passed",
          "title": "FAIL | if not verified (teacher)"
        },
        {
          "ancestorTitles": ["Auth Routes - POST /api/auth/<route>", "Login"],
          "duration": 234,
          "failureDetails": [],
          "failureMessages": [],
          "fullName": "Auth Routes - POST /api/auth/<route> Login SUCCESS | if verified (student)",
          "invocations": 1,
          "location": null,
          "numPassingAsserts": 3,
          "retryReasons": [],
          "status": "passed",
          "title": "SUCCESS | if verified (student)"
        },
        {
          "ancestorTitles": ["Auth Routes - POST /api/auth/<route>", "Login"],
          "duration": 208,
          "failureDetails": [],
          "failureMessages": [],
          "fullName": "Auth Routes - POST /api/auth/<route> Login SUCCESS | if verified (teacher)",
          "invocations": 1,
          "location": null,
          "numPassingAsserts": 3,
          "retryReasons": [],
          "status": "passed",
          "title": "SUCCESS | if verified (teacher)"
        },
        {
          "ancestorTitles": ["Auth Routes - POST /api/auth/<route>", "Logout"],
          "duration": -940,
          "failureDetails": [],
          "failureMessages": [],
          "fullName": "Auth Routes - POST /api/auth/<route> Logout SUCCESS | logout for student",
          "invocations": 1,
          "location": null,
          "numPassingAsserts": 4,
          "retryReasons": [],
          "status": "passed",
          "title": "SUCCESS | logout for student"
        },
        {
          "ancestorTitles": ["Auth Routes - POST /api/auth/<route>", "Logout"],
          "duration": 206,
          "failureDetails": [],
          "failureMessages": [],
          "fullName": "Auth Routes - POST /api/auth/<route> Logout SUCCESS | logout for teacher",
          "invocations": 1,
          "location": null,
          "numPassingAsserts": 4,
          "retryReasons": [],
          "status": "passed",
          "title": "SUCCESS | logout for teacher"
        },
        {
          "ancestorTitles": [
            "Auth Routes - POST /api/auth/<route>",
            "Send Verification OTP"
          ],
          "duration": 17,
          "failureDetails": [],
          "failureMessages": [],
          "fullName": "Auth Routes - POST /api/auth/<route> Send Verification OTP FAIL | User not found",
          "invocations": 1,
          "location": null,
          "numPassingAsserts": 2,
          "retryReasons": [],
          "status": "passed",
          "title": "FAIL | User not found"
        },
        {
          "ancestorTitles": [
            "Auth Routes - POST /api/auth/<route>",
            "Send Verification OTP"
          ],
          "duration": 18,
          "failureDetails": [],
          "failureMessages": [],
          "fullName": "Auth Routes - POST /api/auth/<route> Send Verification OTP FAIL | already verified",
          "invocations": 1,
          "location": null,
          "numPassingAsserts": 2,
          "retryReasons": [],
          "status": "passed",
          "title": "FAIL | already verified"
        },
        {
          "ancestorTitles": [
            "Auth Routes - POST /api/auth/<route>",
            "Send Verification OTP"
          ],
          "duration": 22,
          "failureDetails": [],
          "failureMessages": [],
          "fullName": "Auth Routes - POST /api/auth/<route> Send Verification OTP SUCCESS | sends verification OTP email",
          "invocations": 1,
          "location": null,
          "numPassingAsserts": 7,
          "retryReasons": [],
          "status": "passed",
          "title": "SUCCESS | sends verification OTP email"
        },
        {
          "ancestorTitles": [
            "Auth Routes - POST /api/auth/<route>",
            "Send Verification OTP"
          ],
          "duration": 17,
          "failureDetails": [],
          "failureMessages": [],
          "fullName": "Auth Routes - POST /api/auth/<route> Send Verification OTP FAIL | transporter fails",
          "invocations": 1,
          "location": null,
          "numPassingAsserts": 3,
          "retryReasons": [],
          "status": "passed",
          "title": "FAIL | transporter fails"
        },
        {
          "ancestorTitles": [
            "Auth Routes - POST /api/auth/<route>",
            "Verify Email"
          ],
          "duration": 24,
          "failureDetails": [],
          "failureMessages": [],
          "fullName": "Auth Routes - POST /api/auth/<route> Verify Email FAIL | Missing credentials",
          "invocations": 1,
          "location": null,
          "numPassingAsserts": 3,
          "retryReasons": [],
          "status": "passed",
          "title": "FAIL | Missing credentials"
        },
        {
          "ancestorTitles": [
            "Auth Routes - POST /api/auth/<route>",
            "Verify Email"
          ],
          "duration": 16,
          "failureDetails": [],
          "failureMessages": [],
          "fullName": "Auth Routes - POST /api/auth/<route> Verify Email FAIL | User not found",
          "invocations": 1,
          "location": null,
          "numPassingAsserts": 3,
          "retryReasons": [],
          "status": "passed",
          "title": "FAIL | User not found"
        },
        {
          "ancestorTitles": [
            "Auth Routes - POST /api/auth/<route>",
            "Verify Email"
          ],
          "duration": 18,
          "failureDetails": [],
          "failureMessages": [],
          "fullName": "Auth Routes - POST /api/auth/<route> Verify Email FAIL | already verified",
          "invocations": 1,
          "location": null,
          "numPassingAsserts": 2,
          "retryReasons": [],
          "status": "passed",
          "title": "FAIL | already verified"
        },
        {
          "ancestorTitles": [
            "Auth Routes - POST /api/auth/<route>",
            "Verify Email"
          ],
          "duration": 15,
          "failureDetails": [],
          "failureMessages": [],
          "fullName": "Auth Routes - POST /api/auth/<route> Verify Email FAIL | Invalid OTP",
          "invocations": 1,
          "location": null,
          "numPassingAsserts": 2,
          "retryReasons": [],
          "status": "passed",
          "title": "FAIL | Invalid OTP"
        },
        {
          "ancestorTitles": [
            "Auth Routes - POST /api/auth/<route>",
            "Verify Email"
          ],
          "duration": 18,
          "failureDetails": [],
          "failureMessages": [],
          "fullName": "Auth Routes - POST /api/auth/<route> Verify Email FAIL | OTP expired",
          "invocations": 1,
          "location": null,
          "numPassingAsserts": 2,
          "retryReasons": [],
          "status": "passed",
          "title": "FAIL | OTP expired"
        },
        {
          "ancestorTitles": [
            "Auth Routes - POST /api/auth/<route>",
            "Verify Email"
          ],
          "duration": 21,
          "failureDetails": [],
          "failureMessages": [],
          "fullName": "Auth Routes - POST /api/auth/<route> Verify Email SUCCESS | Email verified",
          "invocations": 1,
          "location": null,
          "numPassingAsserts": 6,
          "retryReasons": [],
          "status": "passed",
          "title": "SUCCESS | Email verified"
        },
        {
          "ancestorTitles": [
            "Auth Routes - POST /api/auth/<route>",
            "Verify Email"
          ],
          "duration": 14,
          "failureDetails": [],
          "failureMessages": [],
          "fullName": "Auth Routes - POST /api/auth/<route> Verify Email FAIL | Server error",
          "invocations": 1,
          "location": null,
          "numPassingAsserts": 2,
          "retryReasons": [],
          "status": "passed",
          "title": "FAIL | Server error"
        },
        {
          "ancestorTitles": [
            "Auth Routes - POST /api/auth/<route>",
            "Change Password"
          ],
          "duration": 73,
          "failureDetails": [],
          "failureMessages": [],
          "fullName": "Auth Routes - POST /api/auth/<route> Change Password FAIL | Missing credentials",
          "invocations": 1,
          "location": null,
          "numPassingAsserts": 3,
          "retryReasons": [],
          "status": "passed",
          "title": "FAIL | Missing credentials"
        },
        {
          "ancestorTitles": [
            "Auth Routes - POST /api/auth/<route>",
            "Change Password"
          ],
          "duration": 72,
          "failureDetails": [],
          "failureMessages": [],
          "fullName": "Auth Routes - POST /api/auth/<route> Change Password FAIL | User not found",
          "invocations": 1,
          "location": null,
          "numPassingAsserts": 3,
          "retryReasons": [],
          "status": "passed",
          "title": "FAIL | User not found"
        },
        {
          "ancestorTitles": [
            "Auth Routes - POST /api/auth/<route>",
            "Change Password"
          ],
          "duration": 76,
          "failureDetails": [],
          "failureMessages": [],
          "fullName": "Auth Routes - POST /api/auth/<route> Change Password FAIL | User not verified",
          "invocations": 1,
          "location": null,
          "numPassingAsserts": 3,
          "retryReasons": [],
          "status": "passed",
          "title": "FAIL | User not verified"
        },
        {
          "ancestorTitles": [
            "Auth Routes - POST /api/auth/<route>",
            "Change Password"
          ],
          "duration": 131,
          "failureDetails": [],
          "failureMessages": [],
          "fullName": "Auth Routes - POST /api/auth/<route> Change Password FAIL | Incorrect old password",
          "invocations": 1,
          "location": null,
          "numPassingAsserts": 3,
          "retryReasons": [],
          "status": "passed",
          "title": "FAIL | Incorrect old password"
        },
        {
          "ancestorTitles": [
            "Auth Routes - POST /api/auth/<route>",
            "Change Password"
          ],
          "duration": 246,
          "failureDetails": [],
          "failureMessages": [],
          "fullName": "Auth Routes - POST /api/auth/<route> Change Password SUCCESS | Password changed",
          "invocations": 1,
          "location": null,
          "numPassingAsserts": 4,
          "retryReasons": [],
          "status": "passed",
          "title": "SUCCESS | Password changed"
        },
        {
          "ancestorTitles": [
            "Auth Routes - POST /api/auth/<route>",
            "Change Password"
          ],
          "duration": 70,
          "failureDetails": [],
          "failureMessages": [],
          "fullName": "Auth Routes - POST /api/auth/<route> Change Password FAIL | Server error",
          "invocations": 1,
          "location": null,
          "numPassingAsserts": 2,
          "retryReasons": [],
          "status": "passed",
          "title": "FAIL | Server error"
        },
        {
          "ancestorTitles": [
            "Auth Routes - POST /api/auth/<route>",
            "Change Password"
          ],
          "duration": 72,
          "failureDetails": [],
          "failureMessages": [],
          "fullName": "Auth Routes - POST /api/auth/<route> Change Password FAIL | New password same as old password",
          "invocations": 1,
          "location": null,
          "numPassingAsserts": 3,
          "retryReasons": [],
          "status": "passed",
          "title": "FAIL | New password same as old password"
        },
        {
          "ancestorTitles": [
            "Auth Routes - POST /api/auth/<route>",
            "Change Password"
          ],
          "duration": 73,
          "failureDetails": [],
          "failureMessages": [],
          "fullName": "Auth Routes - POST /api/auth/<route> Change Password FAIL | New password doesn't meet requirements",
          "invocations": 1,
          "location": null,
          "numPassingAsserts": 3,
          "retryReasons": [],
          "status": "passed",
          "title": "FAIL | New password doesn't meet requirements"
        },
        {
          "ancestorTitles": [
            "Auth Routes - POST /api/auth/<route>",
            "Send Reset Password OTP"
          ],
          "duration": 72,
          "failureDetails": [],
          "failureMessages": [],
          "fullName": "Auth Routes - POST /api/auth/<route> Send Reset Password OTP FAIL | User not found",
          "invocations": 1,
          "location": null,
          "numPassingAsserts": 2,
          "retryReasons": [],
          "status": "passed",
          "title": "FAIL | User not found"
        },
        {
          "ancestorTitles": [
            "Auth Routes - POST /api/auth/<route>",
            "Send Reset Password OTP"
          ],
          "duration": 75,
          "failureDetails": [],
          "failureMessages": [],
          "fullName": "Auth Routes - POST /api/auth/<route> Send Reset Password OTP SUCCESS | OTP email sent",
          "invocations": 1,
          "location": null,
          "numPassingAsserts": 7,
          "retryReasons": [],
          "status": "passed",
          "title": "SUCCESS | OTP email sent"
        },
        {
          "ancestorTitles": [
            "Auth Routes - POST /api/auth/<route>",
            "Send Reset Password OTP"
          ],
          "duration": 73,
          "failureDetails": [],
          "failureMessages": [],
          "fullName": "Auth Routes - POST /api/auth/<route> Send Reset Password OTP FAIL | transporter fails to send OTP email",
          "invocations": 1,
          "location": null,
          "numPassingAsserts": 4,
          "retryReasons": [],
          "status": "passed",
          "title": "FAIL | transporter fails to send OTP email"
        },
        {
          "ancestorTitles": [
            "Auth Routes - POST /api/auth/<route>",
            "Reset Password"
          ],
          "duration": 67,
          "failureDetails": [],
          "failureMessages": [],
          "fullName": "Auth Routes - POST /api/auth/<route> Reset Password FAIL | User not found",
          "invocations": 1,
          "location": null,
          "numPassingAsserts": 2,
          "retryReasons": [],
          "status": "passed",
          "title": "FAIL | User not found"
        },
        {
          "ancestorTitles": [
            "Auth Routes - POST /api/auth/<route>",
            "Reset Password"
          ],
          "duration": 71,
          "failureDetails": [],
          "failureMessages": [],
          "fullName": "Auth Routes - POST /api/auth/<route> Reset Password FAIL | Incorrect OTP",
          "invocations": 1,
          "location": null,
          "numPassingAsserts": 2,
          "retryReasons": [],
          "status": "passed",
          "title": "FAIL | Incorrect OTP"
        },
        {
          "ancestorTitles": [
            "Auth Routes - POST /api/auth/<route>",
            "Reset Password"
          ],
          "duration": 70,
          "failureDetails": [],
          "failureMessages": [],
          "fullName": "Auth Routes - POST /api/auth/<route> Reset Password FAIL | Password does not meet criteria",
          "invocations": 1,
          "location": null,
          "numPassingAsserts": 3,
          "retryReasons": [],
          "status": "passed",
          "title": "FAIL | Password does not meet criteria"
        },
        {
          "ancestorTitles": [
            "Auth Routes - POST /api/auth/<route>",
            "Reset Password"
          ],
          "duration": 73,
          "failureDetails": [],
          "failureMessages": [],
          "fullName": "Auth Routes - POST /api/auth/<route> Reset Password FAIL | OTP expired",
          "invocations": 1,
          "location": null,
          "numPassingAsserts": 2,
          "retryReasons": [],
          "status": "passed",
          "title": "FAIL | OTP expired"
        },
        {
          "ancestorTitles": [
            "Auth Routes - POST /api/auth/<route>",
            "Reset Password"
          ],
          "duration": 193,
          "failureDetails": [],
          "failureMessages": [],
          "fullName": "Auth Routes - POST /api/auth/<route> Reset Password SUCCESS | Password reset",
          "invocations": 1,
          "location": null,
          "numPassingAsserts": 5,
          "retryReasons": [],
          "status": "passed",
          "title": "SUCCESS | Password reset"
        },
        {
          "ancestorTitles": [
            "Auth Routes - POST /api/auth/<route>",
            "Reset Password"
          ],
          "duration": 71,
          "failureDetails": [],
          "failureMessages": [],
          "fullName": "Auth Routes - POST /api/auth/<route> Reset Password FAIL | Server error",
          "invocations": 1,
          "location": null,
          "numPassingAsserts": 3,
          "retryReasons": [],
          "status": "passed",
          "title": "FAIL | Server error"
        }
      ],
      "endTime": 1747586459222,
      "message": "",
      "name": "/home/cagla/projects/quiz-app/back/tests/auth.test.js",
      "startTime": 1747586455390,
      "status": "passed",
      "summary": ""
    },
    {
      "assertionResults": [
        {
          "ancestorTitles": ["Suggestions"],
          "duration": 31,
          "failureDetails": [],
          "failureMessages": [],
          "fullName": "Suggestions POST /api/suggestions WITHOUT AUTH - should fail",
          "invocations": 1,
          "location": null,
          "numPassingAsserts": 1,
          "retryReasons": [],
          "status": "passed",
          "title": "POST /api/suggestions WITHOUT AUTH - should fail"
        },
        {
          "ancestorTitles": ["Suggestions"],
          "duration": 18,
          "failureDetails": [],
          "failureMessages": [],
          "fullName": "Suggestions POST /api/suggestions WITH AUTH - should succeed",
          "invocations": 1,
          "location": null,
          "numPassingAsserts": 3,
          "retryReasons": [],
          "status": "passed",
          "title": "POST /api/suggestions WITH AUTH - should succeed"
        }
      ],
      "endTime": 1747586459383,
      "message": "",
      "name": "/home/cagla/projects/quiz-app/back/tests/suggestions.test.js",
      "startTime": 1747586459228,
      "status": "passed",
      "summary": ""
    },
    {
      "assertionResults": [
        {
          "ancestorTitles": ["Database Connection"],
          "duration": 1,
          "failureDetails": [],
          "failureMessages": [],
          "fullName": "Database Connection should connect to MongoDB",
          "invocations": 1,
          "location": null,
          "numPassingAsserts": 1,
          "retryReasons": [],
          "status": "passed",
          "title": "should connect to MongoDB"
        }
      ],
      "endTime": 1747586459462,
      "message": "",
      "name": "/home/cagla/projects/quiz-app/back/tests/db.connection.test.js",
      "startTime": 1747586459386,
      "status": "passed",
      "summary": ""
    },
    {
      "assertionResults": [
        {
          "ancestorTitles": ["Utility Functions", "Sending Email"],
          "duration": 1,
          "failureDetails": [],
          "failureMessages": [],
          "fullName": "Utility Functions Sending Email Basic test for sending an email with mock transporter",
          "invocations": 1,
          "location": null,
          "numPassingAsserts": 1,
          "retryReasons": [],
          "status": "passed",
          "title": "Basic test for sending an email with mock transporter"
        }
      ],
      "endTime": 1747586459492,
      "message": "",
      "name": "/home/cagla/projects/quiz-app/back/tests/utils.test.js",
      "startTime": 1747586459465,
      "status": "passed",
      "summary": ""
    }
  ],
  "wasInterrupted": false
}
